# JRE version: Java(TM) SE Runtime Environment (8.0_45-b14) (build 1.8.0_45-b14)
# Java VM: Java HotSpot(TM) Server VM (25.45-b02 mixed mode linux-x86 )
Heap:
 PSYoungGen      total 71680K, used 9295K [0x91ac0000, 0x96c40000, 0xa7000000)
  eden space 60672K, 0% used [0x91ac0000,0x91ac0000,0x95600000)
  from space 11008K, 84% used [0x96180000,0x96a93d28,0x96c40000)
  to   space 10240K, 0% used [0x95600000,0x95600000,0x96000000)
 ParOldGen       total 42496K, used 16479K [0x67000000, 0x69980000, 0x91ac0000)
  object space 42496K, 38% used [0x67000000,0x68017d70,0x69980000)
 Metaspace       used 4950K, capacity 4968K, committed 5016K, reserved 5424K
GC Heap History (10 events):
Event: 22.452 GC heap after
Heap after GC invocations=3 (full 0):
 PSYoungGen      total 18432K, used 2557K [0x91ac0000, 0x93ec0000, 0xa7000000)
  eden space 15872K, 0% used [0x91ac0000,0x91ac0000,0x92a40000)
  from space 2560K, 99% used [0x92a40000,0x92cbf448,0x92cc0000)
  to   space 2560K, 0% used [0x93c40000,0x93c40000,0x93ec0000)
 ParOldGen       total 42496K, used 5169K [0x67000000, 0x69980000, 0x91ac0000)
  object space 42496K, 12% used [0x67000000,0x6750c5b8,0x69980000)
 Metaspace       used 3707K, capacity 3776K, committed 3864K, reserved 4400K
}
Event: 23.197 GC heap before
{Heap before GC invocations=4 (full 0):
 PSYoungGen      total 18432K, used 18429K [0x91ac0000, 0x93ec0000, 0xa7000000)
  eden space 15872K, 100% used [0x91ac0000,0x92a40000,0x92a40000)
  from space 2560K, 99% used [0x92a40000,0x92cbf448,0x92cc0000)
  to   space 2560K, 0% used [0x93c40000,0x93c40000,0x93ec0000)
 ParOldGen       total 42496K, used 5169K [0x67000000, 0x69980000, 0x91ac0000)
  object space 42496K, 12% used [0x67000000,0x6750c5b8,0x69980000)
 Metaspace       used 3743K, capacity 3808K, committed 3864K, reserved 4400K
Event: 23.215 GC heap after
Heap after GC invocations=4 (full 0):
 PSYoungGen      total 34304K, used 2558K [0x91ac0000, 0x93ec0000, 0xa7000000)
  eden space 31744K, 0% used [0x91ac0000,0x91ac0000,0x939c0000)
  from space 2560K, 99% used [0x93c40000,0x93ebfa38,0x93ec0000)
  to   space 2560K, 0% used [0x939c0000,0x939c0000,0x93c40000)
 ParOldGen       total 42496K, used 7821K [0x67000000, 0x69980000, 0x91ac0000)
  object space 42496K, 18% used [0x67000000,0x677a3480,0x69980000)
 Metaspace       used 3743K, capacity 3808K, committed 3864K, reserved 4400K
}
Event: 43.561 GC heap before
{Heap before GC invocations=5 (full 0):
 PSYoungGen      total 34304K, used 34080K [0x91ac0000, 0x93ec0000, 0xa7000000)
  eden space 31744K, 99% used [0x91ac0000,0x939886e8,0x939c0000)
  from space 2560K, 99% used [0x93c40000,0x93ebfa38,0x93ec0000)
  to   space 2560K, 0% used [0x939c0000,0x939c0000,0x93c40000)
 ParOldGen       total 42496K, used 7821K [0x67000000, 0x69980000, 0x91ac0000)
  object space 42496K, 18% used [0x67000000,0x677a3480,0x69980000)
 Metaspace       used 3818K, capacity 3872K, committed 3992K, reserved 4400K
Event: 43.616 GC heap after
Heap after GC invocations=5 (full 0):
 PSYoungGen      total 34304K, used 2545K [0x91ac0000, 0x96b40000, 0xa7000000)
  eden space 31744K, 0% used [0x91ac0000,0x91ac0000,0x939c0000)
  from space 2560K, 99% used [0x939c0000,0x93c3c600,0x93c40000)
  to   space 9472K, 0% used [0x96200000,0x96200000,0x96b40000)
 ParOldGen       total 42496K, used 15282K [0x67000000, 0x69980000, 0x91ac0000)
  object space 42496K, 35% used [0x67000000,0x67eecba8,0x69980000)
 Metaspace       used 3818K, capacity 3872K, committed 3992K, reserved 4400K
}
Event: 100.692 GC heap before
{Heap before GC invocations=6 (full 0):
 PSYoungGen      total 34304K, used 32448K [0x91ac0000, 0x96b40000, 0xa7000000)
  eden space 31744K, 94% used [0x91ac0000,0x937f3df8,0x939c0000)
  from space 2560K, 99% used [0x939c0000,0x93c3c600,0x93c40000)
  to   space 9472K, 0% used [0x96200000,0x96200000,0x96b40000)
 ParOldGen       total 42496K, used 15282K [0x67000000, 0x69980000, 0x91ac0000)
  object space 42496K, 35% used [0x67000000,0x67eecba8,0x69980000)
 Metaspace       used 4923K, capacity 4968K, committed 5016K, reserved 5424K
Event: 100.710 GC heap after
Heap after GC invocations=6 (full 0):
 PSYoungGen      total 38912K, used 8123K [0x91ac0000, 0x96a00000, 0xa7000000)
  eden space 30720K, 0% used [0x91ac0000,0x91ac0000,0x938c0000)
  from space 8192K, 99% used [0x96200000,0x969eeed0,0x96a00000)
  to   space 10240K, 0% used [0x95600000,0x95600000,0x96000000)
 ParOldGen       total 42496K, used 15286K [0x67000000, 0x69980000, 0x91ac0000)
  object space 42496K, 35% used [0x67000000,0x67eedba8,0x69980000)
 Metaspace       used 4923K, capacity 4968K, committed 5016K, reserved 5424K
}
Event: 101.703 GC heap before
{Heap before GC invocations=7 (full 0):
 PSYoungGen      total 38912K, used 38843K [0x91ac0000, 0x96a00000, 0xa7000000)
  eden space 30720K, 100% used [0x91ac0000,0x938c0000,0x938c0000)
  from space 8192K, 99% used [0x96200000,0x969eeed0,0x96a00000)
  to   space 10240K, 0% used [0x95600000,0x95600000,0x96000000)
 ParOldGen       total 42496K, used 15286K [0x67000000, 0x69980000, 0x91ac0000)
  object space 42496K, 35% used [0x67000000,0x67eedba8,0x69980000)
 Metaspace       used 4948K, capacity 4968K, committed 5016K, reserved 5424K
Event: 101.730 GC heap after
Heap after GC invocations=7 (full 0):
 PSYoungGen      total 70912K, used 8690K [0x91ac0000, 0x96c40000, 0xa7000000)
  eden space 60672K, 0% used [0x91ac0000,0x91ac0000,0x95600000)
  from space 10240K, 84% used [0x95600000,0x95e7cb70,0x96000000)
  to   space 11008K, 0% used [0x96180000,0x96180000,0x96c40000)
 ParOldGen       total 42496K, used 15745K [0x67000000, 0x69980000, 0x91ac0000)
  object space 42496K, 37% used [0x67000000,0x67f606d0,0x69980000)
 Metaspace       used 4948K, capacity 4968K, committed 5016K, reserved 5424K
}
Event: 112.363 GC heap before
{Heap before GC invocations=8 (full 0):
 PSYoungGen      total 70912K, used 69362K [0x91ac0000, 0x96c40000, 0xa7000000)
  eden space 60672K, 100% used [0x91ac0000,0x95600000,0x95600000)
  from space 10240K, 84% used [0x95600000,0x95e7cb70,0x96000000)
  to   space 11008K, 0% used [0x96180000,0x96180000,0x96c40000)
 ParOldGen       total 42496K, used 15745K [0x67000000, 0x69980000, 0x91ac0000)
  object space 42496K, 37% used [0x67000000,0x67f606d0,0x69980000)
 Metaspace       used 4950K, capacity 4968K, committed 5016K, reserved 5424K

